This is XeTeX, Version 3.14159265-2.6-0.99999 (MiKTeX 2.9.6930 64-bit) (preloaded format=xelatex 2019.1.15)  29 DEC 2022 11:23
entering extended mode
**./table_euler_class.tex
(table_euler_class.tex
LaTeX2e <2018-12-01>

("C:\Users\Administrator\AppData\Local\Programs\MiKTeX 2.9\tex/latex/standalone
\standalone.cls"
Document Class: standalone 2018/03/26 v1.3a Class to compile TeX sub-files stan
dalone

("C:\Users\Administrator\AppData\Local\Programs\MiKTeX 2.9\tex/latex/tools\shel
lesc.sty"
Package: shellesc 2016/06/07 v0.02a unified shell escape interface for LaTeX
Package shellesc Info: Restricted shell escape enabled on input line 69.
)
("C:\Users\Administrator\AppData\Local\Programs\MiKTeX 2.9\tex/generic/oberdiek
\ifluatex.sty"
Package: ifluatex 2016/05/16 v1.4 Provides the ifluatex switch (HO)
Package ifluatex Info: LuaTeX not detected.
)
("C:\Users\Administrator\AppData\Local\Programs\MiKTeX 2.9\tex/generic/oberdiek
\ifpdf.sty"
Package: ifpdf 2018/09/07 v3.3 Provides the ifpdf switch
)
("C:\Users\Administrator\AppData\Local\Programs\MiKTeX 2.9\tex/generic/ifxetex\
ifxetex.sty"
Package: ifxetex 2010/09/12 v0.6 Provides ifxetex conditional
)
("C:\Users\Administrator\AppData\Local\Programs\MiKTeX 2.9\tex/latex/xkeyval\xk
eyval.sty"
Package: xkeyval 2014/12/03 v2.7a package option processing (HA)

("C:\Users\Administrator\AppData\Local\Programs\MiKTeX 2.9\tex/generic/xkeyval\
xkeyval.tex"
("C:\Users\Administrator\AppData\Local\Programs\MiKTeX 2.9\tex/generic/xkeyval\
xkvutils.tex"
\XKV@toks=\toks14
\XKV@tempa@toks=\toks15

("C:\Users\Administrator\AppData\Local\Programs\MiKTeX 2.9\tex/generic/xkeyval\
keyval.tex"))
\XKV@depth=\count80
File: xkeyval.tex 2014/12/03 v2.7a key=value parser (HA)
))
\sa@internal=\count81
\c@sapage=\count82

("C:\Users\Administrator\AppData\Local\Programs\MiKTeX 2.9\tex/latex/standalone
\standalone.cfg"
File: standalone.cfg 2018/03/26 v1.3a Default configuration file for 'standalon
e' class
)
("C:\Users\Administrator\AppData\Local\Programs\MiKTeX 2.9\tex/latex/base\artic
le.cls"
Document Class: article 2018/09/03 v1.4i Standard LaTeX document class

("C:\Users\Administrator\AppData\Local\Programs\MiKTeX 2.9\tex/latex/base\size1
0.clo"
File: size10.clo 2018/09/03 v1.4i Standard LaTeX file (size option)
)
\c@part=\count83
\c@section=\count84
\c@subsection=\count85
\c@subsubsection=\count86
\c@paragraph=\count87
\c@subparagraph=\count88
\c@figure=\count89
\c@table=\count90
\abovecaptionskip=\skip41
\belowcaptionskip=\skip42
\bibindent=\dimen102
)
("C:\Users\Administrator\AppData\Local\Programs\MiKTeX 2.9\tex/latex/varwidth\v
arwidth.sty"
Package: varwidth 2009/03/30 ver 0.92;  Variable-width minipages
\@vwid@box=\box27
\sift@deathcycles=\count91
\@vwid@loff=\dimen103
\@vwid@roff=\dimen104
)
\sa@box=\box28
)
("C:\Users\Administrator\AppData\Local\Programs\MiKTeX 2.9\tex/latex/amsmath\am
smath.sty"
Package: amsmath 2018/12/01 v2.17b AMS math features
\@mathmargin=\skip43

For additional information on amsmath, use the `?' option.

("C:\Users\Administrator\AppData\Local\Programs\MiKTeX 2.9\tex/latex/amsmath\am
stext.sty"
Package: amstext 2000/06/29 v2.01 AMS text

("C:\Users\Administrator\AppData\Local\Programs\MiKTeX 2.9\tex/latex/amsmath\am
sgen.sty"
File: amsgen.sty 1999/11/30 v2.0 generic functions
\@emptytoks=\toks16
\ex@=\dimen105
))
("C:\Users\Administrator\AppData\Local\Programs\MiKTeX 2.9\tex/latex/amsmath\am
sbsy.sty"
Package: amsbsy 1999/11/29 v1.2d Bold Symbols
\pmbraise@=\dimen106
)
("C:\Users\Administrator\AppData\Local\Programs\MiKTeX 2.9\tex/latex/amsmath\am
sopn.sty"
Package: amsopn 2016/03/08 v2.02 operator names
)
\inf@bad=\count92
LaTeX Info: Redefining \frac on input line 223.
\uproot@=\count93
\leftroot@=\count94
LaTeX Info: Redefining \overline on input line 385.
\classnum@=\count95
\DOTSCASE@=\count96
LaTeX Info: Redefining \ldots on input line 482.
LaTeX Info: Redefining \dots on input line 485.
LaTeX Info: Redefining \cdots on input line 606.
\Mathstrutbox@=\box29
\strutbox@=\box30
\big@size=\dimen107
LaTeX Font Info:    Redeclaring font encoding OML on input line 729.
LaTeX Font Info:    Redeclaring font encoding OMS on input line 730.
\macc@depth=\count97
\c@MaxMatrixCols=\count98
\dotsspace@=\muskip10
\c@parentequation=\count99
\dspbrk@lvl=\count100
\tag@help=\toks17
\row@=\count101
\column@=\count102
\maxfields@=\count103
\andhelp@=\toks18
\eqnshift@=\dimen108
\alignsep@=\dimen109
\tagshift@=\dimen110
\tagwidth@=\dimen111
\totwidth@=\dimen112
\lineht@=\dimen113
\@envbody=\toks19
\multlinegap=\skip44
\multlinetaggap=\skip45
\mathdisplay@stack=\toks20
LaTeX Info: Redefining \[ on input line 2844.
LaTeX Info: Redefining \] on input line 2845.
)
("C:\Users\Administrator\AppData\Local\Programs\MiKTeX 2.9\tex/latex/xcolor\xco
lor.sty"
Package: xcolor 2016/05/11 v2.12 LaTeX color extensions (UK)

("C:\Users\Administrator\AppData\Local\Programs\MiKTeX 2.9\tex/latex/graphics-c
fg\color.cfg"
File: color.cfg 2016/01/02 v1.6 sample color configuration
)
Package xcolor Info: Driver file: xetex.def on input line 225.

("C:\Users\Administrator\AppData\Local\Programs\MiKTeX 2.9\tex/latex/graphics-d
ef\xetex.def"
File: xetex.def 2017/06/24 v5.0h Graphics/color driver for xetex
)
Package xcolor Info: Model `cmy' substituted by `cmy0' on input line 1348.
Package xcolor Info: Model `RGB' extended on input line 1364.
Package xcolor Info: Model `HTML' substituted by `rgb' on input line 1366.
Package xcolor Info: Model `Hsb' substituted by `hsb' on input line 1367.
Package xcolor Info: Model `tHsb' substituted by `hsb' on input line 1368.
Package xcolor Info: Model `HSB' substituted by `hsb' on input line 1369.
Package xcolor Info: Model `Gray' substituted by `gray' on input line 1370.
Package xcolor Info: Model `wave' substituted by `hsb' on input line 1371.

("C:\Users\Administrator\AppData\Local\Programs\MiKTeX 2.9\tex/latex/graphics\d
vipsnam.def"
File: dvipsnam.def 2016/06/17 v3.0m Driver-dependent file (DPC,SPQR)
))
("C:\Users\Administrator\AppData\Local\Programs\MiKTeX 2.9\tex/latex/tikz-cd\ti
kz-cd.sty"
Package: tikz-cd 2018/11/19 v0.9f Commutative diagrams with TikZ

("C:\Users\Administrator\AppData\Local\Programs\MiKTeX 2.9\tex/latex/pgf/fronte
ndlayer\tikz.sty"
("C:\Users\Administrator\AppData\Local\Programs\MiKTeX 2.9\tex/latex/pgf/basicl
ayer\pgf.sty"
("C:\Users\Administrator\AppData\Local\Programs\MiKTeX 2.9\tex/latex/pgf/utilit
ies\pgfrcs.sty"
("C:\Users\Administrator\AppData\Local\Programs\MiKTeX 2.9\tex/generic/pgf/util
ities\pgfutil-common.tex"
\pgfutil@everybye=\toks21
\pgfutil@tempdima=\dimen114
\pgfutil@tempdimb=\dimen115

("C:\Users\Administrator\AppData\Local\Programs\MiKTeX 2.9\tex/generic/pgf/util
ities\pgfutil-common-lists.tex"))
("C:\Users\Administrator\AppData\Local\Programs\MiKTeX 2.9\tex/generic/pgf/util
ities\pgfutil-latex.def"
\pgfutil@abb=\box31

("C:\Users\Administrator\AppData\Local\Programs\MiKTeX 2.9\tex/latex/ms\everysh
i.sty"
Package: everyshi 2001/05/15 v3.00 EveryShipout Package (MS)
))
("C:\Users\Administrator\AppData\Local\Programs\MiKTeX 2.9\tex/generic/pgf/util
ities\pgfrcs.code.tex"
("C:\Users\Administrator\AppData\Local\Programs\MiKTeX 2.9\tex/generic/pgf\pgf.
revision.tex")
Package: pgfrcs 2019/01/05 v3.1 (3.1)
))
Package: pgf 2019/01/05 v3.1 (3.1)

("C:\Users\Administrator\AppData\Local\Programs\MiKTeX 2.9\tex/latex/pgf/basicl
ayer\pgfcore.sty"
("C:\Users\Administrator\AppData\Local\Programs\MiKTeX 2.9\tex/latex/graphics\g
raphicx.sty"
Package: graphicx 2017/06/01 v1.1a Enhanced LaTeX Graphics (DPC,SPQR)

("C:\Users\Administrator\AppData\Local\Programs\MiKTeX 2.9\tex/latex/graphics\g
raphics.sty"
Package: graphics 2017/06/25 v1.2c Standard LaTeX Graphics (DPC,SPQR)

("C:\Users\Administrator\AppData\Local\Programs\MiKTeX 2.9\tex/latex/graphics\t
rig.sty"
Package: trig 2016/01/03 v1.10 sin cos tan (DPC)
)
("C:\Users\Administrator\AppData\Local\Programs\MiKTeX 2.9\tex/latex/graphics-c
fg\graphics.cfg"
File: graphics.cfg 2016/06/04 v1.11 sample graphics configuration
)
Package graphics Info: Driver file: xetex.def on input line 99.
)
\Gin@req@height=\dimen116
\Gin@req@width=\dimen117
)
("C:\Users\Administrator\AppData\Local\Programs\MiKTeX 2.9\tex/latex/pgf/system
layer\pgfsys.sty"
("C:\Users\Administrator\AppData\Local\Programs\MiKTeX 2.9\tex/generic/pgf/syst
emlayer\pgfsys.code.tex"
Package: pgfsys 2019/01/05 v3.1 (3.1)

("C:\Users\Administrator\AppData\Local\Programs\MiKTeX 2.9\tex/generic/pgf/util
ities\pgfkeys.code.tex"
\pgfkeys@pathtoks=\toks22
\pgfkeys@temptoks=\toks23

("C:\Users\Administrator\AppData\Local\Programs\MiKTeX 2.9\tex/generic/pgf/util
ities\pgfkeysfiltered.code.tex"
\pgfkeys@tmptoks=\toks24
))
\pgf@x=\dimen118
\pgf@y=\dimen119
\pgf@xa=\dimen120
\pgf@ya=\dimen121
\pgf@xb=\dimen122
\pgf@yb=\dimen123
\pgf@xc=\dimen124
\pgf@yc=\dimen125
\w@pgf@writea=\write3
\r@pgf@reada=\read1
\c@pgf@counta=\count104
\c@pgf@countb=\count105
\c@pgf@countc=\count106
\c@pgf@countd=\count107
\t@pgf@toka=\toks25
\t@pgf@tokb=\toks26
\t@pgf@tokc=\toks27
\pgf@sys@id@count=\count108

("C:\Users\Administrator\AppData\Local\Programs\MiKTeX 2.9\tex/generic/pgf/syst
emlayer\pgf.cfg"
File: pgf.cfg 2019/01/05 v3.1 (3.1)
)
Driver file for pgf: pgfsys-xetex.def

("C:\Users\Administrator\AppData\Local\Programs\MiKTeX 2.9\tex/generic/pgf/syst
emlayer\pgfsys-xetex.def"
File: pgfsys-xetex.def 2019/01/05 v3.1 (3.1)

("C:\Users\Administrator\AppData\Local\Programs\MiKTeX 2.9\tex/generic/pgf/syst
emlayer\pgfsys-dvipdfmx.def"
File: pgfsys-dvipdfmx.def 2019/01/05 v3.1 (3.1)

("C:\Users\Administrator\AppData\Local\Programs\MiKTeX 2.9\tex/generic/pgf/syst
emlayer\pgfsys-common-pdf.def"
File: pgfsys-common-pdf.def 2019/01/05 v3.1 (3.1)
)
\pgfsys@objnum=\count109
)))
("C:\Users\Administrator\AppData\Local\Programs\MiKTeX 2.9\tex/generic/pgf/syst
emlayer\pgfsyssoftpath.code.tex"
File: pgfsyssoftpath.code.tex 2019/01/05 v3.1 (3.1)
\pgfsyssoftpath@smallbuffer@items=\count110
\pgfsyssoftpath@bigbuffer@items=\count111
)
("C:\Users\Administrator\AppData\Local\Programs\MiKTeX 2.9\tex/generic/pgf/syst
emlayer\pgfsysprotocol.code.tex"
File: pgfsysprotocol.code.tex 2019/01/05 v3.1 (3.1)
))
("C:\Users\Administrator\AppData\Local\Programs\MiKTeX 2.9\tex/generic/pgf/basi
clayer\pgfcore.code.tex"
Package: pgfcore 2019/01/05 v3.1 (3.1)

("C:\Users\Administrator\AppData\Local\Programs\MiKTeX 2.9\tex/generic/pgf/math
\pgfmath.code.tex"
("C:\Users\Administrator\AppData\Local\Programs\MiKTeX 2.9\tex/generic/pgf/math
\pgfmathcalc.code.tex"
("C:\Users\Administrator\AppData\Local\Programs\MiKTeX 2.9\tex/generic/pgf/math
\pgfmathutil.code.tex")
("C:\Users\Administrator\AppData\Local\Programs\MiKTeX 2.9\tex/generic/pgf/math
\pgfmathparser.code.tex"
\pgfmath@dimen=\dimen126
\pgfmath@count=\count112
\pgfmath@box=\box32
\pgfmath@toks=\toks28
\pgfmath@stack@operand=\toks29
\pgfmath@stack@operation=\toks30
)
("C:\Users\Administrator\AppData\Local\Programs\MiKTeX 2.9\tex/generic/pgf/math
\pgfmathfunctions.code.tex"
("C:\Users\Administrator\AppData\Local\Programs\MiKTeX 2.9\tex/generic/pgf/math
\pgfmathfunctions.basic.code.tex")
("C:\Users\Administrator\AppData\Local\Programs\MiKTeX 2.9\tex/generic/pgf/math
\pgfmathfunctions.trigonometric.code.tex")
("C:\Users\Administrator\AppData\Local\Programs\MiKTeX 2.9\tex/generic/pgf/math
\pgfmathfunctions.random.code.tex")
("C:\Users\Administrator\AppData\Local\Programs\MiKTeX 2.9\tex/generic/pgf/math
\pgfmathfunctions.comparison.code.tex")
("C:\Users\Administrator\AppData\Local\Programs\MiKTeX 2.9\tex/generic/pgf/math
\pgfmathfunctions.base.code.tex")
("C:\Users\Administrator\AppData\Local\Programs\MiKTeX 2.9\tex/generic/pgf/math
\pgfmathfunctions.round.code.tex")
("C:\Users\Administrator\AppData\Local\Programs\MiKTeX 2.9\tex/generic/pgf/math
\pgfmathfunctions.misc.code.tex")
("C:\Users\Administrator\AppData\Local\Programs\MiKTeX 2.9\tex/generic/pgf/math
\pgfmathfunctions.integerarithmetics.code.tex")))
("C:\Users\Administrator\AppData\Local\Programs\MiKTeX 2.9\tex/generic/pgf/math
\pgfmathfloat.code.tex"
\c@pgfmathroundto@lastzeros=\count113
))
("C:\Users\Administrator\AppData\Local\Programs\MiKTeX 2.9\tex/generic/pgf/basi
clayer\pgfcorepoints.code.tex"
File: pgfcorepoints.code.tex 2019/01/05 v3.1 (3.1)
\pgf@picminx=\dimen127
\pgf@picmaxx=\dimen128
\pgf@picminy=\dimen129
\pgf@picmaxy=\dimen130
\pgf@pathminx=\dimen131
\pgf@pathmaxx=\dimen132
\pgf@pathminy=\dimen133
\pgf@pathmaxy=\dimen134
\pgf@xx=\dimen135
\pgf@xy=\dimen136
\pgf@yx=\dimen137
\pgf@yy=\dimen138
\pgf@zx=\dimen139
\pgf@zy=\dimen140
)
("C:\Users\Administrator\AppData\Local\Programs\MiKTeX 2.9\tex/generic/pgf/basi
clayer\pgfcorepathconstruct.code.tex"
File: pgfcorepathconstruct.code.tex 2019/01/05 v3.1 (3.1)
\pgf@path@lastx=\dimen141
\pgf@path@lasty=\dimen142
)
("C:\Users\Administrator\AppData\Local\Programs\MiKTeX 2.9\tex/generic/pgf/basi
clayer\pgfcorepathusage.code.tex"
File: pgfcorepathusage.code.tex 2019/01/05 v3.1 (3.1)
\pgf@shorten@end@additional=\dimen143
\pgf@shorten@start@additional=\dimen144
)
("C:\Users\Administrator\AppData\Local\Programs\MiKTeX 2.9\tex/generic/pgf/basi
clayer\pgfcorescopes.code.tex"
File: pgfcorescopes.code.tex 2019/01/05 v3.1 (3.1)
\pgfpic=\box33
\pgf@hbox=\box34
\pgf@layerbox@main=\box35
\pgf@picture@serial@count=\count114
)
("C:\Users\Administrator\AppData\Local\Programs\MiKTeX 2.9\tex/generic/pgf/basi
clayer\pgfcoregraphicstate.code.tex"
File: pgfcoregraphicstate.code.tex 2019/01/05 v3.1 (3.1)
\pgflinewidth=\dimen145
)
("C:\Users\Administrator\AppData\Local\Programs\MiKTeX 2.9\tex/generic/pgf/basi
clayer\pgfcoretransformations.code.tex"
File: pgfcoretransformations.code.tex 2019/01/05 v3.1 (3.1)
\pgf@pt@x=\dimen146
\pgf@pt@y=\dimen147
\pgf@pt@temp=\dimen148
)
("C:\Users\Administrator\AppData\Local\Programs\MiKTeX 2.9\tex/generic/pgf/basi
clayer\pgfcorequick.code.tex"
File: pgfcorequick.code.tex 2019/01/05 v3.1 (3.1)
)
("C:\Users\Administrator\AppData\Local\Programs\MiKTeX 2.9\tex/generic/pgf/basi
clayer\pgfcoreobjects.code.tex"
File: pgfcoreobjects.code.tex 2019/01/05 v3.1 (3.1)
)
("C:\Users\Administrator\AppData\Local\Programs\MiKTeX 2.9\tex/generic/pgf/basi
clayer\pgfcorepathprocessing.code.tex"
File: pgfcorepathprocessing.code.tex 2019/01/05 v3.1 (3.1)
)
("C:\Users\Administrator\AppData\Local\Programs\MiKTeX 2.9\tex/generic/pgf/basi
clayer\pgfcorearrows.code.tex"
File: pgfcorearrows.code.tex 2019/01/05 v3.1 (3.1)
\pgfarrowsep=\dimen149
)
("C:\Users\Administrator\AppData\Local\Programs\MiKTeX 2.9\tex/generic/pgf/basi
clayer\pgfcoreshade.code.tex"
File: pgfcoreshade.code.tex 2019/01/05 v3.1 (3.1)
\pgf@max=\dimen150
\pgf@sys@shading@range@num=\count115
)
("C:\Users\Administrator\AppData\Local\Programs\MiKTeX 2.9\tex/generic/pgf/basi
clayer\pgfcoreimage.code.tex"
File: pgfcoreimage.code.tex 2019/01/05 v3.1 (3.1)

("C:\Users\Administrator\AppData\Local\Programs\MiKTeX 2.9\tex/generic/pgf/basi
clayer\pgfcoreexternal.code.tex"
File: pgfcoreexternal.code.tex 2019/01/05 v3.1 (3.1)
\pgfexternal@startupbox=\box36
))
("C:\Users\Administrator\AppData\Local\Programs\MiKTeX 2.9\tex/generic/pgf/basi
clayer\pgfcorelayers.code.tex"
File: pgfcorelayers.code.tex 2019/01/05 v3.1 (3.1)
)
("C:\Users\Administrator\AppData\Local\Programs\MiKTeX 2.9\tex/generic/pgf/basi
clayer\pgfcoretransparency.code.tex"
File: pgfcoretransparency.code.tex 2019/01/05 v3.1 (3.1)
)
("C:\Users\Administrator\AppData\Local\Programs\MiKTeX 2.9\tex/generic/pgf/basi
clayer\pgfcorepatterns.code.tex"
File: pgfcorepatterns.code.tex 2019/01/05 v3.1 (3.1)
)
("C:\Users\Administrator\AppData\Local\Programs\MiKTeX 2.9\tex/generic/pgf/basi
clayer\pgfcorerdf.code.tex"
File: pgfcorerdf.code.tex 2019/01/05 v3.1 (3.1)
)))
("C:\Users\Administrator\AppData\Local\Programs\MiKTeX 2.9\tex/generic/pgf/modu
les\pgfmoduleshapes.code.tex"
File: pgfmoduleshapes.code.tex 2019/01/05 v3.1 (3.1)
\pgfnodeparttextbox=\box37
)
("C:\Users\Administrator\AppData\Local\Programs\MiKTeX 2.9\tex/generic/pgf/modu
les\pgfmoduleplot.code.tex"
File: pgfmoduleplot.code.tex 2019/01/05 v3.1 (3.1)
)
("C:\Users\Administrator\AppData\Local\Programs\MiKTeX 2.9\tex/latex/pgf/compat
ibility\pgfcomp-version-0-65.sty"
Package: pgfcomp-version-0-65 2019/01/05 v3.1 (3.1)
\pgf@nodesepstart=\dimen151
\pgf@nodesepend=\dimen152
)
("C:\Users\Administrator\AppData\Local\Programs\MiKTeX 2.9\tex/latex/pgf/compat
ibility\pgfcomp-version-1-18.sty"
Package: pgfcomp-version-1-18 2019/01/05 v3.1 (3.1)
))
("C:\Users\Administrator\AppData\Local\Programs\MiKTeX 2.9\tex/latex/pgf/utilit
ies\pgffor.sty"
("C:\Users\Administrator\AppData\Local\Programs\MiKTeX 2.9\tex/latex/pgf/utilit
ies\pgfkeys.sty"
("C:\Users\Administrator\AppData\Local\Programs\MiKTeX 2.9\tex/generic/pgf/util
ities\pgfkeys.code.tex"))
("C:\Users\Administrator\AppData\Local\Programs\MiKTeX 2.9\tex/latex/pgf/math\p
gfmath.sty"
("C:\Users\Administrator\AppData\Local\Programs\MiKTeX 2.9\tex/generic/pgf/math
\pgfmath.code.tex"))
("C:\Users\Administrator\AppData\Local\Programs\MiKTeX 2.9\tex/generic/pgf/util
ities\pgffor.code.tex"
Package: pgffor 2019/01/05 v3.1 (3.1)

("C:\Users\Administrator\AppData\Local\Programs\MiKTeX 2.9\tex/generic/pgf/math
\pgfmath.code.tex")
\pgffor@iter=\dimen153
\pgffor@skip=\dimen154
\pgffor@stack=\toks31
\pgffor@toks=\toks32
))
("C:\Users\Administrator\AppData\Local\Programs\MiKTeX 2.9\tex/generic/pgf/fron
tendlayer/tikz\tikz.code.tex"
Package: tikz 2019/01/05 v3.1 (3.1)

("C:\Users\Administrator\AppData\Local\Programs\MiKTeX 2.9\tex/generic/pgf/libr
aries\pgflibraryplothandlers.code.tex"
File: pgflibraryplothandlers.code.tex 2019/01/05 v3.1 (3.1)
\pgf@plot@mark@count=\count116
\pgfplotmarksize=\dimen155
)
\tikz@lastx=\dimen156
\tikz@lasty=\dimen157
\tikz@lastxsaved=\dimen158
\tikz@lastysaved=\dimen159
\tikzleveldistance=\dimen160
\tikzsiblingdistance=\dimen161
\tikz@figbox=\box38
\tikz@figbox@bg=\box39
\tikz@tempbox=\box40
\tikz@tempbox@bg=\box41
\tikztreelevel=\count117
\tikznumberofchildren=\count118
\tikznumberofcurrentchild=\count119
\tikz@fig@count=\count120

("C:\Users\Administrator\AppData\Local\Programs\MiKTeX 2.9\tex/generic/pgf/modu
les\pgfmodulematrix.code.tex"
File: pgfmodulematrix.code.tex 2019/01/05 v3.1 (3.1)
\pgfmatrixcurrentrow=\count121
\pgfmatrixcurrentcolumn=\count122
\pgf@matrix@numberofcolumns=\count123
)
\tikz@expandcount=\count124

("C:\Users\Administrator\AppData\Local\Programs\MiKTeX 2.9\tex/generic/pgf/fron
tendlayer/tikz/libraries\tikzlibrarytopaths.code.tex"
File: tikzlibrarytopaths.code.tex 2019/01/05 v3.1 (3.1)
)))
("C:\Users\Administrator\AppData\Local\Programs\MiKTeX 2.9\tex/latex/tikz-cd\ti
kzlibrarycd.code.tex"
("C:\Users\Administrator\AppData\Local\Programs\MiKTeX 2.9\tex/generic/pgf/fron
tendlayer/tikz/libraries\tikzlibrarymatrix.code.tex"
File: tikzlibrarymatrix.code.tex 2019/01/05 v3.1 (3.1)
)
("C:\Users\Administrator\AppData\Local\Programs\MiKTeX 2.9\tex/generic/pgf/fron
tendlayer/tikz/libraries\tikzlibraryquotes.code.tex"
File: tikzlibraryquotes.code.tex 2019/01/05 v3.1 (3.1)
)
("C:\Users\Administrator\AppData\Local\Programs\MiKTeX 2.9\tex/generic/pgf/libr
aries\pgflibraryarrows.meta.code.tex"
File: pgflibraryarrows.meta.code.tex 2019/01/05 v3.1 (3.1)
\pgfarrowinset=\dimen162
\pgfarrowlength=\dimen163
\pgfarrowwidth=\dimen164
\pgfarrowlinewidth=\dimen165
)))
("C:\Users\Administrator\AppData\Local\Programs\MiKTeX 2.9\tex/latex/tikz-3dplo
t\tikz-3dplot.sty"
("C:\Users\Administrator\AppData\Local\Programs\MiKTeX 2.9\tex/latex/base\ifthe
n.sty"
Package: ifthen 2014/09/29 v1.1c Standard LaTeX ifthen package (DPC)
)
("C:\Users\Administrator\AppData\Local\Programs\MiKTeX 2.9\tex/generic/pgf/fron
tendlayer/tikz/libraries\tikzlibrarycalc.code.tex"
File: tikzlibrarycalc.code.tex 2019/01/05 v3.1 (3.1)
)
("C:\Users\Administrator\AppData\Local\Programs\MiKTeX 2.9\tex/generic/pgf/fron
tendlayer/tikz/libraries\tikzlibrary3d.code.tex"
File: tikzlibrary3d.code.tex 2019/01/05 v3.1 (3.1)
)
("C:\Users\Administrator\AppData\Local\Programs\MiKTeX 2.9\tex/generic/pgf/fron
tendlayer/tikz/libraries\tikzlibraryarrows.code.tex"
File: tikzlibraryarrows.code.tex 2019/01/05 v3.1 (3.1)

("C:\Users\Administrator\AppData\Local\Programs\MiKTeX 2.9\tex/generic/pgf/libr
aries\pgflibraryarrows.code.tex"
File: pgflibraryarrows.code.tex 2019/01/05 v3.1 (3.1)
\arrowsize=\dimen166
))) (quiver.sty
Package: quiver 2021/01/11 quiver

("C:\Users\Administrator\AppData\Local\Programs\MiKTeX 2.9\tex/latex/amsfonts\a
mssymb.sty"
Package: amssymb 2013/01/14 v3.01 AMS font symbols

("C:\Users\Administrator\AppData\Local\Programs\MiKTeX 2.9\tex/latex/amsfonts\a
msfonts.sty"
Package: amsfonts 2013/01/14 v3.01 Basic AMSFonts support
\symAMSa=\mathgroup4
\symAMSb=\mathgroup5
LaTeX Font Info:    Overwriting math alphabet `\mathfrak' in version `bold'
(Font)                  U/euf/m/n --> U/euf/b/n on input line 106.
))
("C:\Users\Administrator\AppData\Local\Programs\MiKTeX 2.9\tex/generic/pgf/fron
tendlayer/tikz/libraries\tikzlibrarydecorations.pathmorphing.code.tex"
("C:\Users\Administrator\AppData\Local\Programs\MiKTeX 2.9\tex/generic/pgf/fron
tendlayer/tikz/libraries\tikzlibrarydecorations.code.tex"
("C:\Users\Administrator\AppData\Local\Programs\MiKTeX 2.9\tex/generic/pgf/modu
les\pgfmoduledecorations.code.tex"
\pgfdecoratedcompleteddistance=\dimen167
\pgfdecoratedremainingdistance=\dimen168
\pgfdecoratedinputsegmentcompleteddistance=\dimen169
\pgfdecoratedinputsegmentremainingdistance=\dimen170
\pgf@decorate@distancetomove=\dimen171
\pgf@decorate@repeatstate=\count125
\pgfdecorationsegmentamplitude=\dimen172
\pgfdecorationsegmentlength=\dimen173
)
\tikz@lib@dec@box=\box42
)
("C:\Users\Administrator\AppData\Local\Programs\MiKTeX 2.9\tex/generic/pgf/libr
aries/decorations\pgflibrarydecorations.pathmorphing.code.tex")))
("C:\Users\Administrator\AppData\Local\Programs\MiKTeX 2.9\tex/latex/diagbox\di
agbox.sty"
Package: diagbox 2020/02/09 v2.3 Making table heads with diagonal lines

("C:\Users\Administrator\AppData\Local\Programs\MiKTeX 2.9\tex/latex/pict2e\pic
t2e.sty"
Package: pict2e 2016/02/05 v0.3b Improved picture commands (HjG,RN,JT)

("C:\Users\Administrator\AppData\Local\Programs\MiKTeX 2.9\tex/latex/pict2e\pic
t2e.cfg"
File: pict2e.cfg 2016/02/05 v0.1u pict2e configuration for teTeX/TeXLive
)
Package pict2e Info: Driver file: xetex.def on input line 119.
Package pict2e Info: Driver file for pict2e: p2e-xetex.def on input line 121.

("C:\Users\Administrator\AppData\Local\Programs\MiKTeX 2.9\tex/latex/pict2e\p2e
-xetex.def"
File: p2e-xetex.def 2016/02/05 v0.1u Driver-dependant file (RN,HjG,JT)
)
\pIIe@GRAPH=\toks33
\@arclen=\dimen174
\@arcrad=\dimen175
\@tempdimd=\dimen176
)
("C:\Users\Administrator\AppData\Local\Programs\MiKTeX 2.9\tex/latex/tools\calc
.sty"
Package: calc 2017/05/25 v4.3 Infix arithmetic (KKT,FJ)
\calc@Acount=\count126
\calc@Bcount=\count127
\calc@Adimen=\dimen177
\calc@Bdimen=\dimen178
\calc@Askip=\skip46
\calc@Bskip=\skip47
LaTeX Info: Redefining \setlength on input line 80.
LaTeX Info: Redefining \addtolength on input line 81.
\calc@Ccount=\count128
\calc@Cskip=\skip48
)
("C:\Users\Administrator\AppData\Local\Programs\MiKTeX 2.9\tex/latex/tools\arra
y.sty"
Package: array 2018/11/13 v2.4j Tabular extension package (FMi)
\col@sep=\dimen179
\ar@mcellbox=\box43
\extrarowheight=\dimen180
\NC@list=\toks34
\extratabsurround=\skip49
\backup@length=\skip50
\ar@cellbox=\box44
)
\diagbox@boxa=\box45
\diagbox@boxb=\box46
\diagbox@boxm=\box47
\diagbox@wd=\dimen181
\diagbox@ht=\dimen182
\diagbox@insepl=\dimen183
\diagbox@insepr=\dimen184
\diagbox@outsepl=\dimen185
\diagbox@outsepr=\dimen186

("C:\Users\Administrator\AppData\Local\Programs\MiKTeX 2.9\tex/latex/fp\fp.sty"
Package: fp 1995/04/02
`Fixed Point Package', Version 0.8, April 2, 1995 (C) Michael Mehlich
("C:\Users\Administrator\AppData\Local\Programs\MiKTeX 2.9\tex/latex/fp\defpatt
ern.sty"
Package: defpattern 1994/10/12
\actioncount=\count129
)
("C:\Users\Administrator\AppData\Local\Programs\MiKTeX 2.9\tex/latex/fp\fp-basi
c.sty"
Package: fp-basic 1996/05/13
\FP@xs=\count130
\FP@xia=\count131
\FP@xib=\count132
\FP@xfa=\count133
\FP@xfb=\count134
\FP@rega=\count135
\FP@regb=\count136
\FP@regs=\count137
\FP@times=\count138
)
("C:\Users\Administrator\AppData\Local\Programs\MiKTeX 2.9\tex/latex/fp\fp-addo
ns.sty"
Package: fp-addons 1995/03/15
)
("C:\Users\Administrator\AppData\Local\Programs\MiKTeX 2.9\tex/latex/fp\fp-snap
.sty"
Package: fp-snap 1995/04/05
)
("C:\Users\Administrator\AppData\Local\Programs\MiKTeX 2.9\tex/latex/fp\fp-exp.
sty"
Package: fp-exp 1995/04/03
)
("C:\Users\Administrator\AppData\Local\Programs\MiKTeX 2.9\tex/latex/fp\fp-trig
o.sty"
Package: fp-trigo 1995/04/14
)
("C:\Users\Administrator\AppData\Local\Programs\MiKTeX 2.9\tex/latex/fp\fp-pas.
sty"
Package: fp-pas 1994/08/29
)
("C:\Users\Administrator\AppData\Local\Programs\MiKTeX 2.9\tex/latex/fp\fp-rand
om.sty"
Package: fp-random 1995/02/23
\FPseed=\count139
)
("C:\Users\Administrator\AppData\Local\Programs\MiKTeX 2.9\tex/latex/fp\fp-eqn.
sty"
Package: fp-eqn 1995/04/03
)
("C:\Users\Administrator\AppData\Local\Programs\MiKTeX 2.9\tex/latex/fp\fp-upn.
sty"
Package: fp-upn 1996/10/21
)
("C:\Users\Administrator\AppData\Local\Programs\MiKTeX 2.9\tex/latex/fp\fp-eval
.sty"
Package: fp-eval 1995/04/03
)))
("C:\Users\Administrator\AppData\Local\Programs\MiKTeX 2.9\tex/latex/makecell\m
akecell.sty"
Package: makecell 2009/08/03 V0.1e Managing of Tab Column Heads and Cells
\rotheadsize=\dimen187
\c@nlinenum=\count140
\TeXr@lab=\toks35
)
("C:\Users\Administrator\AppData\Local\Programs\MiKTeX 2.9\tex/latex/adjustbox\
adjustbox.sty"
Package: adjustbox 2020/08/19 v1.3 Adjusting TeX boxes (trim, clip, ...)

("C:\Users\Administrator\AppData\Local\Programs\MiKTeX 2.9\tex/latex/adjustbox\
adjcalc.sty"
Package: adjcalc 2012/05/16 v1.1 Provides advanced setlength with multiple back
-ends (calc, etex, pgfmath)
)
("C:\Users\Administrator\AppData\Local\Programs\MiKTeX 2.9\tex/latex/adjustbox\
trimclip.sty"
Package: trimclip 2020/08/19 v1.2 Trim and clip general TeX material

("C:\Users\Administrator\AppData\Local\Programs\MiKTeX 2.9\tex/latex/collectbox
\collectbox.sty"
Package: collectbox 2012/05/17 v0.4b Collect macro arguments as boxes
\collectedbox=\box48
)
\tc@llx=\dimen188
\tc@lly=\dimen189
\tc@urx=\dimen190
\tc@ury=\dimen191
Package trimclip Info: Using driver 'tc-xetex.def'.

("C:\Users\Administrator\AppData\Local\Programs\MiKTeX 2.9\tex/latex/adjustbox\
tc-xetex.def"
File: tc-xetex.def 2019/01/04 v2.2 Clipping driver for xetex
))
\adjbox@Width=\dimen192
\adjbox@Height=\dimen193
\adjbox@Depth=\dimen194
\adjbox@Totalheight=\dimen195
\adjbox@pwidth=\dimen196
\adjbox@pheight=\dimen197
\adjbox@pdepth=\dimen198
\adjbox@ptotalheight=\dimen199

("C:\Users\Administrator\AppData\Local\Programs\MiKTeX 2.9\tex/latex/ifoddpage\
ifoddpage.sty"
Package: ifoddpage 2016/04/23 v1.1 Conditionals for odd/even page detection
\c@checkoddpage=\count141
))
("C:\Users\Administrator\AppData\Local\Programs\MiKTeX 2.9\tex/latex/multirow\m
ultirow.sty"
Package: multirow 2019/01/01 v2.4 Span multiple rows of a table
\multirow@colwidth=\skip51
\multirow@cntb=\count142
\multirow@dima=\skip52
\bigstrutjot=\dimen256
)
("C:\Users\Administrator\AppData\Local\Programs\MiKTeX 2.9\tex/latex/strands\st
rands.sty"
Package: strands 2021/07/11 v1.1 Strands

("C:\Users\Administrator\AppData\Local\Programs\MiKTeX 2.9\tex/latex/forarray\f
orarray.sty"
Invalid UTF-8 byte or sequence at line 16 replaced by U+FFFD.
Invalid UTF-8 byte or sequence at line 30 replaced by U+FFFD.
Invalid UTF-8 byte or sequence at line 34 replaced by U+FFFD.
Package: forarray 2008/06/20 Version 1.01 -- Using array structures in LaTeX
\fe@toks=\toks36
\fe@level=\count143
\fe@cnt@i=\count144
\fe@cnt@ii=\count145
\thislevelcount=\count146
\thislevelnr=\count147
)
(C:\Users\Administrator\AppData\Roaming\MiKTeX\2.9\tex/latex/l3packages/xfp\xfp
.sty
(C:\Users\Administrator\AppData\Roaming\MiKTeX\2.9\tex/latex/l3kernel\expl3.sty
Package: expl3 2019-01-01 L3 programming layer (loader) 

(C:\Users\Administrator\AppData\Roaming\MiKTeX\2.9\tex/latex/l3kernel\expl3-cod
e.tex
Package: expl3 2019-01-01 L3 programming layer (code)
\c_max_int=\count148
\l_tmpa_int=\count149
\l_tmpb_int=\count150
\g_tmpa_int=\count151
\g_tmpb_int=\count152
\g__kernel_prg_map_int=\count153
\c_log_iow=\count154
\l_iow_line_count_int=\count155
\l__iow_line_target_int=\count156
\l__iow_one_indent_int=\count157
\l__iow_indent_int=\count158
\c_zero_dim=\dimen257
\c_max_dim=\dimen258
\l_tmpa_dim=\dimen259
\l_tmpb_dim=\dimen260
\g_tmpa_dim=\dimen261
\g_tmpb_dim=\dimen262
\c_zero_skip=\skip53
\c_max_skip=\skip54
\l_tmpa_skip=\skip55
\l_tmpb_skip=\skip56
\g_tmpa_skip=\skip57
\g_tmpb_skip=\skip58
\c_zero_muskip=\muskip11
\c_max_muskip=\muskip12
\l_tmpa_muskip=\muskip13
\l_tmpb_muskip=\muskip14
\g_tmpa_muskip=\muskip15
\g_tmpb_muskip=\muskip16
\l_keys_choice_int=\count159
\l__intarray_loop_int=\count160
\c__intarray_sp_dim=\dimen263
\g__intarray_font_int=\count161
\c__fp_leading_shift_int=\count162
\c__fp_middle_shift_int=\count163
\c__fp_trailing_shift_int=\count164
\c__fp_big_leading_shift_int=\count165
\c__fp_big_middle_shift_int=\count166
\c__fp_big_trailing_shift_int=\count167
\c__fp_Bigg_leading_shift_int=\count168
\c__fp_Bigg_middle_shift_int=\count169
\c__fp_Bigg_trailing_shift_int=\count170
\g__fp_array_int=\count171
\l__fp_array_loop_int=\count172
\l__sort_length_int=\count173
\l__sort_min_int=\count174
\l__sort_top_int=\count175
\l__sort_max_int=\count176
\l__sort_true_max_int=\count177
\l__sort_block_int=\count178
\l__sort_begin_int=\count179
\l__sort_end_int=\count180
\l__sort_A_int=\count181
\l__sort_B_int=\count182
\l__sort_C_int=\count183
\l__tl_analysis_normal_int=\count184
\l__tl_analysis_index_int=\count185
\l__tl_analysis_nesting_int=\count186
\l__tl_analysis_type_int=\count187
\l__regex_internal_a_int=\count188
\l__regex_internal_b_int=\count189
\l__regex_internal_c_int=\count190
\l__regex_balance_int=\count191
\l__regex_group_level_int=\count192
\l__regex_mode_int=\count193
\c__regex_cs_in_class_mode_int=\count194
\c__regex_cs_mode_int=\count195
\l__regex_catcodes_int=\count196
\l__regex_default_catcodes_int=\count197
\c__regex_catcode_L_int=\count198
\c__regex_catcode_O_int=\count199
\c__regex_catcode_A_int=\count266
\c__regex_all_catcodes_int=\count267
\l__regex_show_lines_int=\count268
\l__regex_min_state_int=\count269
\l__regex_max_state_int=\count270
\l__regex_left_state_int=\count271
\l__regex_right_state_int=\count272
\l__regex_capturing_group_int=\count273
\l__regex_min_pos_int=\count274
\l__regex_max_pos_int=\count275
\l__regex_curr_pos_int=\count276
\l__regex_start_pos_int=\count277
\l__regex_success_pos_int=\count278
\l__regex_curr_char_int=\count279
\l__regex_curr_catcode_int=\count280
\l__regex_last_char_int=\count281
\l__regex_case_changed_char_int=\count282
\l__regex_curr_state_int=\count283
\l__regex_step_int=\count284
\l__regex_min_active_int=\count285
\l__regex_max_active_int=\count286
\l__regex_replacement_csnames_int=\count287
\l__regex_match_count_int=\count288
\l__regex_min_submatch_int=\count289
\l__regex_submatch_int=\count290
\l__regex_zeroth_submatch_int=\count291
\g__regex_trace_regex_int=\count292
\c_empty_box=\box49
\l_tmpa_box=\box50
\l_tmpb_box=\box51
\g_tmpa_box=\box52
\g_tmpb_box=\box53
\l__box_top_dim=\dimen264
\l__box_bottom_dim=\dimen265
\l__box_left_dim=\dimen266
\l__box_right_dim=\dimen267
\l__box_top_new_dim=\dimen268
\l__box_bottom_new_dim=\dimen269
\l__box_left_new_dim=\dimen270
\l__box_right_new_dim=\dimen271
\l__box_internal_box=\box54
\l__coffin_internal_box=\box55
\l__coffin_internal_dim=\dimen272
\l__coffin_offset_x_dim=\dimen273
\l__coffin_offset_y_dim=\dimen274
\l__coffin_x_dim=\dimen275
\l__coffin_y_dim=\dimen276
\l__coffin_x_prime_dim=\dimen277
\l__coffin_y_prime_dim=\dimen278
\c_empty_coffin=\box56
\l__coffin_aligned_coffin=\box57
\l__coffin_aligned_internal_coffin=\box58
\l_tmpa_coffin=\box59
\l_tmpb_coffin=\box60
\l__coffin_display_coffin=\box61
\l__coffin_display_coord_coffin=\box62
\l__coffin_display_pole_coffin=\box63
\l__coffin_display_offset_dim=\dimen279
\l__coffin_display_x_dim=\dimen280
\l__coffin_display_y_dim=\dimen281
\g__file_internal_ior=\read2
\l__coffin_bounding_shift_dim=\dimen282
\l__coffin_left_corner_dim=\dimen283
\l__coffin_right_corner_dim=\dimen284
\l__coffin_bottom_corner_dim=\dimen285
\l__coffin_top_corner_dim=\dimen286
\l__coffin_scaled_total_height_dim=\dimen287
\l__coffin_scaled_width_dim=\dimen288
\l__seq_internal_a_int=\count293
\l__seq_internal_b_int=\count294
)
(C:\Users\Administrator\AppData\Roaming\MiKTeX\2.9\tex/latex/l3kernel\l3xdvipdf
mx.def
File: l3xdvidpfmx.def 2019-01-01 v L3 Experimental driver: xdvipdfmx
\g__driver_image_int=\count295
\g__driver_pdf_object_int=\count296
))
(C:\Users\Administrator\AppData\Roaming\MiKTeX\2.9\tex/latex/l3packages/xparse\
xparse.sty
Package: xparse 2018-10-17 L3 Experimental document command parser
\l__xparse_current_arg_int=\count297
\g__xparse_grabber_int=\count298
\l__xparse_m_args_int=\count299
\l__xparse_mandatory_args_int=\count300
\l__xparse_v_nesting_int=\count301
)
Package: xfp 2018-10-17 L3 Floating point unit
)
("C:\Users\Administrator\AppData\Local\Programs\MiKTeX 2.9\tex/latex/xstring\xs
tring.sty"
("C:\Users\Administrator\AppData\Local\Programs\MiKTeX 2.9\tex/generic/xstring\
xstring.tex"
\integerpart=\count302
Invalid UTF-8 byte or sequence at line 35 replaced by U+FFFD.
\decimalpart=\count303
Invalid UTF-8 byte or sequence at line 79 replaced by U+FFFD.
Invalid UTF-8 byte or sequence at line 79 replaced by U+FFFD.
Invalid UTF-8 byte or sequence at line 83 replaced by U+FFFD.
Invalid UTF-8 byte or sequence at line 86 replaced by U+FFFD.
Invalid UTF-8 byte or sequence at line 102 replaced by U+FFFD.
Invalid UTF-8 byte or sequence at line 114 replaced by U+FFFD.
Invalid UTF-8 byte or sequence at line 120 replaced by U+FFFD.
Invalid UTF-8 byte or sequence at line 125 replaced by U+FFFD.
Invalid UTF-8 byte or sequence at line 147 replaced by U+FFFD.
Invalid UTF-8 byte or sequence at line 147 replaced by U+FFFD.
Invalid UTF-8 byte or sequence at line 147 replaced by U+FFFD.
Invalid UTF-8 byte or sequence at line 182 replaced by U+FFFD.
Invalid UTF-8 byte or sequence at line 182 replaced by U+FFFD.
Invalid UTF-8 byte or sequence at line 182 replaced by U+FFFD.
Invalid UTF-8 byte or sequence at line 183 replaced by U+FFFD.
Invalid UTF-8 byte or sequence at line 184 replaced by U+FFFD.
Invalid UTF-8 byte or sequence at line 185 replaced by U+FFFD.
Invalid UTF-8 byte or sequence at line 185 replaced by U+FFFD.
Invalid UTF-8 byte or sequence at line 185 replaced by U+FFFD.
Invalid UTF-8 byte or sequence at line 189 replaced by U+FFFD.
Invalid UTF-8 byte or sequence at line 189 replaced by U+FFFD.
Invalid UTF-8 byte or sequence at line 190 replaced by U+FFFD.
Invalid UTF-8 byte or sequence at line 190 replaced by U+FFFD.
Invalid UTF-8 byte or sequence at line 193 replaced by U+FFFD.
Invalid UTF-8 byte or sequence at line 208 replaced by U+FFFD.
Invalid UTF-8 byte or sequence at line 208 replaced by U+FFFD.
Invalid UTF-8 byte or sequence at line 208 replaced by U+FFFD.
Invalid UTF-8 byte or sequence at line 208 replaced by U+FFFD.
Invalid UTF-8 byte or sequence at line 208 replaced by U+FFFD.
Invalid UTF-8 byte or sequence at line 208 replaced by U+FFFD.
Invalid UTF-8 byte or sequence at line 221 replaced by U+FFFD.
Invalid UTF-8 byte or sequence at line 221 replaced by U+FFFD.
Invalid UTF-8 byte or sequence at line 241 replaced by U+FFFD.
Invalid UTF-8 byte or sequence at line 241 replaced by U+FFFD.
Invalid UTF-8 byte or sequence at line 241 replaced by U+FFFD.
Invalid UTF-8 byte or sequence at line 241 replaced by U+FFFD.
Invalid UTF-8 byte or sequence at line 266 replaced by U+FFFD.
Invalid UTF-8 byte or sequence at line 284 replaced by U+FFFD.
Invalid UTF-8 byte or sequence at line 295 replaced by U+FFFD.
Invalid UTF-8 byte or sequence at line 300 replaced by U+FFFD.
Invalid UTF-8 byte or sequence at line 300 replaced by U+FFFD.
Invalid UTF-8 byte or sequence at line 301 replaced by U+FFFD.
Invalid UTF-8 byte or sequence at line 301 replaced by U+FFFD.
Invalid UTF-8 byte or sequence at line 301 replaced by U+FFFD.
Invalid UTF-8 byte or sequence at line 302 replaced by U+FFFD.
Invalid UTF-8 byte or sequence at line 303 replaced by U+FFFD.
Invalid UTF-8 byte or sequence at line 332 replaced by U+FFFD.
Invalid UTF-8 byte or sequence at line 332 replaced by U+FFFD.
Invalid UTF-8 byte or sequence at line 332 replaced by U+FFFD.
Invalid UTF-8 byte or sequence at line 332 replaced by U+FFFD.
Invalid UTF-8 byte or sequence at line 333 replaced by U+FFFD.
Invalid UTF-8 byte or sequence at line 334 replaced by U+FFFD.
Invalid UTF-8 byte or sequence at line 334 replaced by U+FFFD.
Invalid UTF-8 byte or sequence at line 334 replaced by U+FFFD.
Invalid UTF-8 byte or sequence at line 406 replaced by U+FFFD.
Invalid UTF-8 byte or sequence at line 406 replaced by U+FFFD.
Invalid UTF-8 byte or sequence at line 409 replaced by U+FFFD.
Invalid UTF-8 byte or sequence at line 410 replaced by U+FFFD.
Invalid UTF-8 byte or sequence at line 428 replaced by U+FFFD.
Invalid UTF-8 byte or sequence at line 434 replaced by U+FFFD.
Invalid UTF-8 byte or sequence at line 457 replaced by U+FFFD.
Invalid UTF-8 byte or sequence at line 457 replaced by U+FFFD.
Invalid UTF-8 byte or sequence at line 464 replaced by U+FFFD.
Invalid UTF-8 byte or sequence at line 464 replaced by U+FFFD.
Invalid UTF-8 byte or sequence at line 466 replaced by U+FFFD.
Invalid UTF-8 byte or sequence at line 466 replaced by U+FFFD.
Invalid UTF-8 byte or sequence at line 541 replaced by U+FFFD.
Invalid UTF-8 byte or sequence at line 541 replaced by U+FFFD.
Invalid UTF-8 byte or sequence at line 541 replaced by U+FFFD.
Invalid UTF-8 byte or sequence at line 586 replaced by U+FFFD.
Invalid UTF-8 byte or sequence at line 586 replaced by U+FFFD.
Invalid UTF-8 byte or sequence at line 588 replaced by U+FFFD.
Invalid UTF-8 byte or sequence at line 588 replaced by U+FFFD.
Invalid UTF-8 byte or sequence at line 595 replaced by U+FFFD.
Invalid UTF-8 byte or sequence at line 597 replaced by U+FFFD.
Invalid UTF-8 byte or sequence at line 599 replaced by U+FFFD.
Invalid UTF-8 byte or sequence at line 602 replaced by U+FFFD.
Invalid UTF-8 byte or sequence at line 605 replaced by U+FFFD.
Invalid UTF-8 byte or sequence at line 605 replaced by U+FFFD.
Invalid UTF-8 byte or sequence at line 610 replaced by U+FFFD.
Invalid UTF-8 byte or sequence at line 615 replaced by U+FFFD.
Invalid UTF-8 byte or sequence at line 637 replaced by U+FFFD.
Invalid UTF-8 byte or sequence at line 639 replaced by U+FFFD.
Invalid UTF-8 byte or sequence at line 641 replaced by U+FFFD.
Invalid UTF-8 byte or sequence at line 648 replaced by U+FFFD.
Invalid UTF-8 byte or sequence at line 654 replaced by U+FFFD.
Invalid UTF-8 byte or sequence at line 679 replaced by U+FFFD.
Invalid UTF-8 byte or sequence at line 701 replaced by U+FFFD.
Invalid UTF-8 byte or sequence at line 706 replaced by U+FFFD.
Invalid UTF-8 byte or sequence at line 716 replaced by U+FFFD.
Invalid UTF-8 byte or sequence at line 716 replaced by U+FFFD.
Invalid UTF-8 byte or sequence at line 716 replaced by U+FFFD.
Invalid UTF-8 byte or sequence at line 720 replaced by U+FFFD.
Invalid UTF-8 byte or sequence at line 733 replaced by U+FFFD.
Invalid UTF-8 byte or sequence at line 733 replaced by U+FFFD.
Invalid UTF-8 byte or sequence at line 742 replaced by U+FFFD.
Invalid UTF-8 byte or sequence at line 742 replaced by U+FFFD.
Invalid UTF-8 byte or sequence at line 743 replaced by U+FFFD.
Invalid UTF-8 byte or sequence at line 743 replaced by U+FFFD.
Invalid UTF-8 byte or sequence at line 763 replaced by U+FFFD.
Invalid UTF-8 byte or sequence at line 774 replaced by U+FFFD.
Invalid UTF-8 byte or sequence at line 774 replaced by U+FFFD.
Invalid UTF-8 byte or sequence at line 775 replaced by U+FFFD.
Invalid UTF-8 byte or sequence at line 775 replaced by U+FFFD.
Invalid UTF-8 byte or sequence at line 775 replaced by U+FFFD.
Invalid UTF-8 byte or sequence at line 798 replaced by U+FFFD.
Invalid UTF-8 byte or sequence at line 798 replaced by U+FFFD.
Invalid UTF-8 byte or sequence at line 811 replaced by U+FFFD.
Invalid UTF-8 byte or sequence at line 825 replaced by U+FFFD.
Invalid UTF-8 byte or sequence at line 825 replaced by U+FFFD.
Invalid UTF-8 byte or sequence at line 832 replaced by U+FFFD.
Invalid UTF-8 byte or sequence at line 839 replaced by U+FFFD.
Invalid UTF-8 byte or sequence at line 839 replaced by U+FFFD.
Invalid UTF-8 byte or sequence at line 847 replaced by U+FFFD.
Invalid UTF-8 byte or sequence at line 847 replaced by U+FFFD.
Invalid UTF-8 byte or sequence at line 862 replaced by U+FFFD.
Invalid UTF-8 byte or sequence at line 863 replaced by U+FFFD.
Invalid UTF-8 byte or sequence at line 865 replaced by U+FFFD.
Invalid UTF-8 byte or sequence at line 865 replaced by U+FFFD.
Invalid UTF-8 byte or sequence at line 909 replaced by U+FFFD.
Invalid UTF-8 byte or sequence at line 910 replaced by U+FFFD.
Invalid UTF-8 byte or sequence at line 910 replaced by U+FFFD.
Invalid UTF-8 byte or sequence at line 935 replaced by U+FFFD.
Invalid UTF-8 byte or sequence at line 935 replaced by U+FFFD.
Invalid UTF-8 byte or sequence at line 937 replaced by U+FFFD.
Invalid UTF-8 byte or sequence at line 937 replaced by U+FFFD.
Invalid UTF-8 byte or sequence at line 941 replaced by U+FFFD.
Invalid UTF-8 byte or sequence at line 941 replaced by U+FFFD.
Invalid UTF-8 byte or sequence at line 963 replaced by U+FFFD.
Invalid UTF-8 byte or sequence at line 963 replaced by U+FFFD.
Invalid UTF-8 byte or sequence at line 965 replaced by U+FFFD.
Invalid UTF-8 byte or sequence at line 966 replaced by U+FFFD.
Invalid UTF-8 byte or sequence at line 1007 replaced by U+FFFD.
)
Package: xstring 2018/12/09 v1.81 String manipulations (CT)
)
("C:\Users\Administrator\AppData\Local\Programs\MiKTeX 2.9\tex/generic/pgf/fron
tendlayer/tikz/libraries\tikzlibrarysnakes.code.tex"
File: tikzlibrarysnakes.code.tex 2019/01/05 v3.1 (3.1)


Package pgf Warning: Snakes have been superseded by decorations. Please use the
 decoration libraries instead of the snakes library on input line 14.


("C:\Users\Administrator\AppData\Local\Programs\MiKTeX 2.9\tex/generic/pgf/fron
tendlayer/tikz/libraries\tikzlibrarydecorations.pathreplacing.code.tex"
("C:\Users\Administrator\AppData\Local\Programs\MiKTeX 2.9\tex/generic/pgf/libr
aries/decorations\pgflibrarydecorations.pathreplacing.code.tex"))
("C:\Users\Administrator\AppData\Local\Programs\MiKTeX 2.9\tex/generic/pgf/fron
tendlayer/tikz/libraries\tikzlibrarydecorations.shapes.code.tex"
("C:\Users\Administrator\AppData\Local\Programs\MiKTeX 2.9\tex/generic/pgf/libr
aries/decorations\pgflibrarydecorations.shapes.code.tex")))
\c@levelscounter=\count304
)
("C:\Users\Administrator\AppData\Local\Programs\MiKTeX 2.9\tex/generic/pgf/fron
tendlayer/tikz/libraries\tikzlibraryintersections.code.tex"
("C:\Users\Administrator\AppData\Local\Programs\MiKTeX 2.9\tex/generic/pgf/libr
aries\pgflibraryintersections.code.tex"
("C:\Users\Administrator\AppData\Local\Programs\MiKTeX 2.9\tex/generic/pgf/libr
aries\pgflibraryfpu.code.tex")
\pgf@intersect@solutions=\count305
))
("C:\Users\Administrator\AppData\Local\Programs\MiKTeX 2.9\tex/generic/pgf/fron
tendlayer/tikz/libraries\tikzlibrarythrough.code.tex"
File: tikzlibrarythrough.code.tex 2019/01/05 v3.1 (3.1)
)
("C:\Users\Administrator\AppData\Local\Programs\MiKTeX 2.9\tex/generic/pgf/fron
tendlayer/tikz/libraries\tikzlibrarybackgrounds.code.tex"
File: tikzlibrarybackgrounds.code.tex 2019/01/05 v3.1 (3.1)
\pgf@layerbox@background=\box64
\pgf@layerboxsaved@background=\box65
)
("C:\Users\Administrator\AppData\Local\Programs\MiKTeX 2.9\tex/generic/pgf/fron
tendlayer/tikz/libraries\tikzlibrarydecorations.markings.code.tex"
("C:\Users\Administrator\AppData\Local\Programs\MiKTeX 2.9\tex/generic/pgf/libr
aries/decorations\pgflibrarydecorations.markings.code.tex"))
("C:\Users\Administrator\AppData\Local\Programs\MiKTeX 2.9\tex/generic/pgf/fron
tendlayer/tikz/libraries\tikzlibrarypatterns.code.tex"
File: tikzlibrarypatterns.code.tex 2019/01/05 v3.1 (3.1)

("C:\Users\Administrator\AppData\Local\Programs\MiKTeX 2.9\tex/generic/pgf/libr
aries\pgflibrarypatterns.code.tex"
File: pgflibrarypatterns.code.tex 2019/01/05 v3.1 (3.1)
)) (table_euler_class.aux)
\openout1 = `table_euler_class.aux'.

LaTeX Font Info:    Checking defaults for OML/cmm/m/it on input line 98.
LaTeX Font Info:    ... okay on input line 98.
LaTeX Font Info:    Checking defaults for T1/cmr/m/n on input line 98.
LaTeX Font Info:    ... okay on input line 98.
LaTeX Font Info:    Checking defaults for OT1/cmr/m/n on input line 98.
LaTeX Font Info:    ... okay on input line 98.
LaTeX Font Info:    Checking defaults for OMS/cmsy/m/n on input line 98.
LaTeX Font Info:    ... okay on input line 98.
LaTeX Font Info:    Checking defaults for TU/lmr/m/n on input line 98.
LaTeX Font Info:    ... okay on input line 98.
LaTeX Font Info:    Checking defaults for OMX/cmex/m/n on input line 98.
LaTeX Font Info:    ... okay on input line 98.
LaTeX Font Info:    Checking defaults for U/cmr/m/n on input line 98.
LaTeX Font Info:    ... okay on input line 98.

ABD: EveryShipout initializing macros
LaTeX Font Info:    Try loading font information for U+msa on input line 101.

("C:\Users\Administrator\AppData\Local\Programs\MiKTeX 2.9\tex/latex/amsfonts\u
msa.fd"
File: umsa.fd 2013/01/14 v3.01 AMS symbols A
)
LaTeX Font Info:    Try loading font information for U+msb on input line 101.

("C:\Users\Administrator\AppData\Local\Programs\MiKTeX 2.9\tex/latex/amsfonts\u
msb.fd"
File: umsb.fd 2013/01/14 v3.01 AMS symbols B
)
LaTeX Font Info:    Try loading font information for U+euf on input line 106.

("C:\Users\Administrator\AppData\Local\Programs\MiKTeX 2.9\tex/latex/amsfonts\u
euf.fd"
File: ueuf.fd 2013/01/14 v3.01 Euler Fraktur
)
Overfull \hbox (14.69008pt too wide) detected at line 113
[]
 []


Overfull \hbox (14.69008pt too wide) detected at line 120
[]
 []

[1

] (table_euler_class.aux) ) 
Here is how much of TeX's memory you used:
 27738 strings out of 427748
 563318 string characters out of 3150981
 600217 words of memory out of 3000000
 31373 multiletter control sequences out of 15000+200000
 534769 words of font info for 38 fonts, out of 3000000 for 9000
 1328 hyphenation exceptions out of 8191
 61i,13n,84p,493b,443s stack positions out of 5000i,500n,10000p,200000b,50000s

Output written on table_euler_class.pdf (1 page).
