\BOOKMARK [0][-]{chapter*.2}{Introduction}{}% 1
\BOOKMARK [-1][-]{part.1}{I\040K-theory\040of\040the\040Steinberg\040varieties}{}% 2
\BOOKMARK [0][-]{section.1.1}{Initial\040case:\040F\040and\040F\040F}{part.1}% 3
\BOOKMARK [1][-]{section.1.2}{Quivers}{section.1.1}% 4
\BOOKMARK [1][-]{section.1.3}{Symmetric\040group\040calculus}{section.1.1}% 5
\BOOKMARK [1][-]{section.1.4}{Algebraic\040groups\040and\040Lie\040algebras}{section.1.1}% 6
\BOOKMARK [1][-]{section.1.5}{Quiver\040flag\040varieties}{section.1.1}% 7
\BOOKMARK [1][-]{section.1.6}{Stratifications\040and\040T-fixed\040points}{section.1.1}% 8
\BOOKMARK [1][-]{section.2.1}{Definitions\040and\040initial\040examples}{section.1.1}% 9
\BOOKMARK [1][-]{section.2.2}{Three\040functors}{section.1.1}% 10
\BOOKMARK [1][-]{section.2.3}{Thom\040isomorphism}{section.1.1}% 11
\BOOKMARK [1][-]{section.2.4}{Induction}{section.1.1}% 12
\BOOKMARK [1][-]{section.2.5}{Reduction}{section.1.1}% 13
\BOOKMARK [1][-]{section.2.6}{Equivariant\040cohomology}{section.1.1}% 14
\BOOKMARK [1][-]{section.3.1}{Statement}{section.1.1}% 15
\BOOKMARK [1][-]{section.3.2}{Application:\040module\040structure}{section.1.1}% 16
\BOOKMARK [1][-]{section.4.1}{Euler\040class}{section.1.1}% 17
\BOOKMARK [1][-]{section.4.2}{Statement}{section.1.1}% 18
\BOOKMARK [1][-]{section.4.3}{Application:\040change\040of\040basis}{section.1.1}% 19
\BOOKMARK [1][-]{section.5.1}{Convolution}{section.1.1}% 20
\BOOKMARK [1][-]{section.5.2}{Statement}{section.1.1}% 21
\BOOKMARK [1][-]{section.5.3}{Application:\040convolution\040structure}{section.1.1}% 22
\BOOKMARK [1][-]{section.6.1}{Generalizations}{section.1.1}% 23
\BOOKMARK [1][-]{section.6.2}{From\040formula\040to\040diagram}{section.1.1}% 24
\BOOKMARK [1][-]{section.6.3}{Atiyah–Segal completion theorem}{section.1.1}% 25
\BOOKMARK [-1][-]{part.2}{II\040Affine\040pavings\040of\040partial\040flag\040varieties}{}% 26
\BOOKMARK [0][-]{section.7.1}{Extended\040quiver}{part.2}% 27
\BOOKMARK [1][-]{section.7.2}{Canonical\040functor\040}{section.7.1}% 28
\BOOKMARK [1][-]{section.7.3}{Dimension\040vector}{section.7.1}% 29
\BOOKMARK [1][-]{section.7.4}{Ext-vanishing\040properties}{section.7.1}% 30
\BOOKMARK [1][-]{section.7.5}{A crash course on Auslander–Reiten theory}{section.7.1}% 31
\BOOKMARK [1][-]{section.8.1}{Main\040theorem\040in\040Part\040II}{section.7.1}% 32
\BOOKMARK [1][-]{section.8.2}{Application:\040Dynkin\040case}{section.7.1}% 33
\BOOKMARK [1][-]{section.8.3}{Proof\040of\040Claim\0408.2.3}{section.7.1}% 34
\BOOKMARK [1][-]{section.8.4}{Application:\040affine\040case}{section.7.1}% 35
\BOOKMARK [0][-]{Item.28}{List\040of\040Tables}{part.2}% 36
\BOOKMARK [0][-]{Item.28}{List\040of\040Figures}{part.2}% 37
\BOOKMARK [0][-]{Item.28}{Bibliography}{part.2}% 38
